# JRE version: OpenJDK Runtime Environment Temurin-17.0.10+7 (17.0.10+7) (build 17.0.10+7)
# Java VM: OpenJDK 64-Bit Server VM Temurin-17.0.10+7 (17.0.10+7, mixed mode, emulated-client, tiered, compressed oops, compressed class ptrs, g1 gc, windows-amd64)
GC Precious Log:
 CPUs: 16 total, 16 available
 Memory: 15613M
 Large Page Support: Disabled
 NUMA Support: Disabled
 Compressed Oops: Enabled (32-bit)
 Heap Region Size: 1M
 Heap Min Capacity: 8M
 Heap Initial Capacity: 244M
 Heap Max Capacity: 1G
 Pre-touch: Disabled
 Parallel Workers: 13
 Concurrent Workers: 3
 Concurrent Refinement Workers: 13
 Periodic GC: Disabled
Heap:
 garbage-first heap   total 80896K, used 36135K [0x00000000c0000000, 0x0000000100000000)
  region size 1024K, 1 young (1024K), 0 survivors (0K)
 Metaspace       used 59141K, committed 59520K, reserved 1114112K
  class space    used 7378K, committed 7552K, reserved 1048576K
GC Heap History (20 events):
Event: 18472.918 GC heap before
{Heap before GC invocations=1318 (full 1255):
 garbage-first heap   total 80896K, used 36135K [0x00000000c0000000, 0x0000000100000000)
  region size 1024K, 1 young (1024K), 0 survivors (0K)
 Metaspace       used 59141K, committed 59520K, reserved 1114112K
  class space    used 7378K, committed 7552K, reserved 1048576K
}
Event: 18472.964 GC heap after
{Heap after GC invocations=1319 (full 1256):
 garbage-first heap   total 80896K, used 36135K [0x00000000c0000000, 0x0000000100000000)
  region size 1024K, 0 young (0K), 0 survivors (0K)
 Metaspace       used 59141K, committed 59520K, reserved 1114112K
  class space    used 7378K, committed 7552K, reserved 1048576K
}
Event: 18483.133 GC heap before
{Heap before GC invocations=1319 (full 1256):
 garbage-first heap   total 80896K, used 36135K [0x00000000c0000000, 0x0000000100000000)
  region size 1024K, 1 young (1024K), 0 survivors (0K)
 Metaspace       used 59141K, committed 59520K, reserved 1114112K
  class space    used 7378K, committed 7552K, reserved 1048576K
}
Event: 18483.172 GC heap after
{Heap after GC invocations=1320 (full 1257):
 garbage-first heap   total 80896K, used 36135K [0x00000000c0000000, 0x0000000100000000)
  region size 1024K, 0 young (0K), 0 survivors (0K)
 Metaspace       used 59141K, committed 59520K, reserved 1114112K
  class space    used 7378K, committed 7552K, reserved 1048576K
}
Event: 18493.317 GC heap before
{Heap before GC invocations=1320 (full 1257):
 garbage-first heap   total 80896K, used 36135K [0x00000000c0000000, 0x0000000100000000)
  region size 1024K, 1 young (1024K), 0 survivors (0K)
 Metaspace       used 59141K, committed 59520K, reserved 1114112K
  class space    used 7378K, committed 7552K, reserved 1048576K
}
Event: 18493.355 GC heap after
{Heap after GC invocations=1321 (full 1258):
 garbage-first heap   total 80896K, used 36135K [0x00000000c0000000, 0x0000000100000000)
  region size 1024K, 0 young (0K), 0 survivors (0K)
 Metaspace       used 59141K, committed 59520K, reserved 1114112K
  class space    used 7378K, committed 7552K, reserved 1048576K
}
Event: 18503.526 GC heap before
{Heap before GC invocations=1321 (full 1258):
 garbage-first heap   total 80896K, used 36135K [0x00000000c0000000, 0x0000000100000000)
  region size 1024K, 1 young (1024K), 0 survivors (0K)
 Metaspace       used 59141K, committed 59520K, reserved 1114112K
  class space    used 7378K, committed 7552K, reserved 1048576K
}
Event: 18503.569 GC heap after
{Heap after GC invocations=1322 (full 1259):
 garbage-first heap   total 80896K, used 36135K [0x00000000c0000000, 0x0000000100000000)
  region size 1024K, 0 young (0K), 0 survivors (0K)
 Metaspace       used 59141K, committed 59520K, reserved 1114112K
  class space    used 7378K, committed 7552K, reserved 1048576K
}
Event: 18513.787 GC heap before
{Heap before GC invocations=1322 (full 1259):
 garbage-first heap   total 80896K, used 36135K [0x00000000c0000000, 0x0000000100000000)
  region size 1024K, 1 young (1024K), 0 survivors (0K)
 Metaspace       used 59141K, committed 59520K, reserved 1114112K
  class space    used 7378K, committed 7552K, reserved 1048576K
}
Event: 18513.834 GC heap after
{Heap after GC invocations=1323 (full 1260):
 garbage-first heap   total 80896K, used 36135K [0x00000000c0000000, 0x0000000100000000)
  region size 1024K, 0 young (0K), 0 survivors (0K)
 Metaspace       used 59141K, committed 59520K, reserved 1114112K
  class space    used 7378K, committed 7552K, reserved 1048576K
}
Event: 18524.016 GC heap before
{Heap before GC invocations=1323 (full 1260):
 garbage-first heap   total 80896K, used 36135K [0x00000000c0000000, 0x0000000100000000)
  region size 1024K, 1 young (1024K), 0 survivors (0K)
 Metaspace       used 59141K, committed 59520K, reserved 1114112K
  class space    used 7378K, committed 7552K, reserved 1048576K
}
Event: 18524.055 GC heap after
{Heap after GC invocations=1324 (full 1261):
 garbage-first heap   total 80896K, used 36135K [0x00000000c0000000, 0x0000000100000000)
  region size 1024K, 0 young (0K), 0 survivors (0K)
 Metaspace       used 59141K, committed 59520K, reserved 1114112K
  class space    used 7378K, committed 7552K, reserved 1048576K
}
Event: 18534.340 GC heap before
{Heap before GC invocations=1324 (full 1261):
 garbage-first heap   total 80896K, used 36135K [0x00000000c0000000, 0x0000000100000000)
  region size 1024K, 1 young (1024K), 0 survivors (0K)
 Metaspace       used 59141K, committed 59520K, reserved 1114112K
  class space    used 7378K, committed 7552K, reserved 1048576K
}
Event: 18534.393 GC heap after
{Heap after GC invocations=1325 (full 1262):
 garbage-first heap   total 80896K, used 36135K [0x00000000c0000000, 0x0000000100000000)
  region size 1024K, 0 young (0K), 0 survivors (0K)
 Metaspace       used 59141K, committed 59520K, reserved 1114112K
  class space    used 7378K, committed 7552K, reserved 1048576K
}
Event: 18544.583 GC heap before
{Heap before GC invocations=1325 (full 1262):
 garbage-first heap   total 80896K, used 36135K [0x00000000c0000000, 0x0000000100000000)
  region size 1024K, 1 young (1024K), 0 survivors (0K)
 Metaspace       used 59141K, committed 59520K, reserved 1114112K
  class space    used 7378K, committed 7552K, reserved 1048576K
}
Event: 18544.626 GC heap after
{Heap after GC invocations=1326 (full 1263):
 garbage-first heap   total 80896K, used 36135K [0x00000000c0000000, 0x0000000100000000)
  region size 1024K, 0 young (0K), 0 survivors (0K)
 Metaspace       used 59141K, committed 59520K, reserved 1114112K
  class space    used 7378K, committed 7552K, reserved 1048576K
}
Event: 18554.823 GC heap before
{Heap before GC invocations=1326 (full 1263):
 garbage-first heap   total 80896K, used 36135K [0x00000000c0000000, 0x0000000100000000)
  region size 1024K, 1 young (1024K), 0 survivors (0K)
 Metaspace       used 59141K, committed 59520K, reserved 1114112K
  class space    used 7378K, committed 7552K, reserved 1048576K
}
Event: 18554.870 GC heap after
{Heap after GC invocations=1327 (full 1264):
 garbage-first heap   total 80896K, used 36135K [0x00000000c0000000, 0x0000000100000000)
  region size 1024K, 0 young (0K), 0 survivors (0K)
 Metaspace       used 59141K, committed 59520K, reserved 1114112K
  class space    used 7378K, committed 7552K, reserved 1048576K
}
Event: 18565.002 GC heap before
{Heap before GC invocations=1327 (full 1264):
 garbage-first heap   total 80896K, used 36135K [0x00000000c0000000, 0x0000000100000000)
  region size 1024K, 1 young (1024K), 0 survivors (0K)
 Metaspace       used 59141K, committed 59520K, reserved 1114112K
  class space    used 7378K, committed 7552K, reserved 1048576K
}
Event: 18565.037 GC heap after
{Heap after GC invocations=1328 (full 1265):
 garbage-first heap   total 80896K, used 36135K [0x00000000c0000000, 0x0000000100000000)
  region size 1024K, 0 young (0K), 0 survivors (0K)
 Metaspace       used 59141K, committed 59520K, reserved 1114112K
  class space    used 7378K, committed 7552K, reserved 1048576K
}

